Train!
python run.py -k cpn_ft_h36m_dbb -b 2048 -f 81 -s 81 -l log/run -c checkpoint -gpu 0,1 --export-training-curves
CUDA Device Count:  1
Namespace(actions='*', alpha=0.01, batch_size=2048, beta=2, bone_length_term=True, by_subject=False, checkpoint='checkpoint', checkpoint_frequency=20, compare=False, coverlr=False, cs=512, custom_2d=False, data_augmentation=True, dataset='h36m', dense=False, dep=8, depth=4, disable_optimizations=False, downsample=1, dropout=0.0, epochs=120, evaluate='', export_training_curves=True, ft=False, ftchk='epoch_330.pth', ftpath='checkpoint/exp13_ft2d', ftpostrf=False, gpu='0,1', keypoints='cpn_ft_h36m_dbb', learning_rate=4e-05, linear_channel_size=1024, linear_projection=False, log='log/run', lr_decay=0.99, lr_decay_gap=10000, min_loss=100000, no_eval=False, no_proj=False, nolog=False, number_of_frames=81, postrf=False, render=False, resume='', stride=81, subjects_test='S9,S11', subjects_train='S1,S5,S6,S7,S8', subjects_unlabeled='', subset=1, test_time_augmentation=True, viz_action=None, viz_bitrate=3000, viz_camera=0, viz_downsample=1, viz_export=None, viz_limit=-1, viz_no_ground_truth=False, viz_output=None, viz_size=5, viz_skip=0, viz_subject=None, viz_video=None, warmup=1)
Loading dataset...
Preparing data...
Loading 2D detections...
INFO: Receptive field: 81 frames
INFO: Trainable parameter count: 33.700867 Million
INFO: Testing on 543344 frames
INFO: Training on 1559752 frames
** Note: reported losses are averaged over all frames.
** The final evaluation will be carried out after the last training epoch.
------------------------------- Start Training -------------------------------
[1] time 11.13 lr 0.000040 3d_train 510.902048 3d_eval 160.382104 3d_valid 179.720640 3d_val_velocity 5.926707
save best checkpoint
[2] time 11.15 lr 0.000040 3d_train 416.165121 3d_eval 151.826878 3d_valid 167.483387 3d_val_velocity 7.069364
save best checkpoint
[3] time 11.16 lr 0.000039 3d_train 325.921179 3d_eval 96.024679 3d_valid 97.711054 3d_val_velocity 7.086782
save best checkpoint
[4] time 11.16 lr 0.000039 3d_train 244.091010 3d_eval 80.293393 3d_valid 83.973571 3d_val_velocity 6.762145
save best checkpoint
[5] time 11.16 lr 0.000038 3d_train 214.287470 3d_eval 77.618239 3d_valid 76.960074 3d_val_velocity 6.319356
save best checkpoint
[6] time 11.17 lr 0.000038 3d_train 193.776046 3d_eval 68.819102 3d_valid 68.846411 3d_val_velocity 5.792284
save best checkpoint
[7] time 11.17 lr 0.000038 3d_train 178.992053 3d_eval 67.172448 3d_valid 65.738257 3d_val_velocity 5.233522
save best checkpoint
[8] time 11.17 lr 0.000037 3d_train 168.277078 3d_eval 64.221094 3d_valid 64.479458 3d_val_velocity 5.186156
save best checkpoint
[9] time 11.17 lr 0.000037 3d_train 158.377258 3d_eval 57.722420 3d_valid 63.191401 3d_val_velocity 4.779736
save best checkpoint
[10] time 11.17 lr 0.000037 3d_train 151.158354 3d_eval 53.004330 3d_valid 56.745978 3d_val_velocity 4.706568
save best checkpoint
[11] time 11.17 lr 0.000036 3d_train 144.524253 3d_eval 52.494206 3d_valid 55.093928 3d_val_velocity 4.510269
save best checkpoint
[12] time 11.18 lr 0.000036 3d_train 138.621595 3d_eval 50.661549 3d_valid 53.759958 3d_val_velocity 4.467748
save best checkpoint
[13] time 11.17 lr 0.000035 3d_train 134.296764 3d_eval 46.541312 3d_valid 53.347308 3d_val_velocity 4.271587
save best checkpoint
[14] time 11.17 lr 0.000035 3d_train 129.430047 3d_eval 51.859408 3d_valid 55.213752 3d_val_velocity 4.177268
[15] time 11.17 lr 0.000035 3d_train 125.454089 3d_eval 48.916526 3d_valid 53.524094 3d_val_velocity 4.062940
[16] time 11.17 lr 0.000034 3d_train 122.206981 3d_eval 50.546611 3d_valid 55.161179 3d_val_velocity 3.900205
[17] time 11.17 lr 0.000034 3d_train 118.609941 3d_eval 45.482447 3d_valid 53.055970 3d_val_velocity 3.953560
save best checkpoint
[18] time 11.17 lr 0.000034 3d_train 115.963712 3d_eval 41.600731 3d_valid 51.843246 3d_val_velocity 3.775307
save best checkpoint
[19] time 11.17 lr 0.000033 3d_train 113.058102 3d_eval 43.238763 3d_valid 50.808746 3d_val_velocity 3.673375
save best checkpoint
[20] time 11.18 lr 0.000033 3d_train 110.433941 3d_eval 44.753030 3d_valid 50.206424 3d_val_velocity 3.614087
Saving checkpoint to checkpoint/epoch_20.bin
save best checkpoint
[21] time 11.17 lr 0.000033 3d_train 107.905189 3d_eval 41.737603 3d_valid 49.361629 3d_val_velocity 3.523932
save best checkpoint
[22] time 11.18 lr 0.000032 3d_train 106.089254 3d_eval 41.746622 3d_valid 50.313111 3d_val_velocity 3.518088
[23] time 11.18 lr 0.000032 3d_train 103.797389 3d_eval 42.992216 3d_valid 52.381320 3d_val_velocity 3.484936
[24] time 11.17 lr 0.000032 3d_train 101.979751 3d_eval 43.763370 3d_valid 50.938247 3d_val_velocity 3.423587
[25] time 11.17 lr 0.000031 3d_train 99.862704 3d_eval 36.754683 3d_valid 48.950425 3d_val_velocity 3.386057
save best checkpoint
[26] time 11.17 lr 0.000031 3d_train 98.387556 3d_eval 36.127894 3d_valid 48.921429 3d_val_velocity 3.339213
save best checkpoint
[27] time 11.17 lr 0.000031 3d_train 96.602557 3d_eval 37.605858 3d_valid 49.810373 3d_val_velocity 3.288295
[28] time 11.17 lr 0.000030 3d_train 94.917391 3d_eval 37.652712 3d_valid 48.071089 3d_val_velocity 3.219647
save best checkpoint
[29] time 11.17 lr 0.000030 3d_train 93.883080 3d_eval 36.705441 3d_valid 47.779538 3d_val_velocity 3.235775
save best checkpoint
[30] time 11.17 lr 0.000030 3d_train 91.967815 3d_eval 35.221286 3d_valid 48.931040 3d_val_velocity 3.145542
[31] time 11.17 lr 0.000030 3d_train 90.530258 3d_eval 34.752219 3d_valid 48.121940 3d_val_velocity 3.066190
[32] time 11.18 lr 0.000029 3d_train 89.629750 3d_eval 33.373631 3d_valid 48.318707 3d_val_velocity 3.012396
[33] time 11.18 lr 0.000029 3d_train 88.040945 3d_eval 35.284524 3d_valid 47.577155 3d_val_velocity 2.975414
save best checkpoint
[34] time 11.18 lr 0.000029 3d_train 86.651230 3d_eval 35.691063 3d_valid 47.184465 3d_val_velocity 2.908617
save best checkpoint
[35] time 11.18 lr 0.000028 3d_train 85.457298 3d_eval 31.528521 3d_valid 46.691050 3d_val_velocity 2.856185
save best checkpoint
[36] time 11.18 lr 0.000028 3d_train 84.177020 3d_eval 32.221611 3d_valid 46.057987 3d_val_velocity 2.792048
save best checkpoint
[37] time 11.18 lr 0.000028 3d_train 82.900330 3d_eval 31.700805 3d_valid 47.038417 3d_val_velocity 2.742707
[38] time 11.18 lr 0.000028 3d_train 81.816989 3d_eval 33.690928 3d_valid 46.551872 3d_val_velocity 2.695203
[39] time 11.17 lr 0.000027 3d_train 80.919536 3d_eval 31.845819 3d_valid 46.165100 3d_val_velocity 2.624503
[40] time 11.18 lr 0.000027 3d_train 79.946440 3d_eval 30.643215 3d_valid 46.323165 3d_val_velocity 2.575115
Saving checkpoint to checkpoint/epoch_40.bin
[41] time 11.17 lr 0.000027 3d_train 79.042372 3d_eval 30.798510 3d_valid 45.849252 3d_val_velocity 2.550191
save best checkpoint
[42] time 11.17 lr 0.000026 3d_train 77.586170 3d_eval 30.362351 3d_valid 47.804471 3d_val_velocity 2.490845
[43] time 11.18 lr 0.000026 3d_train 77.181583 3d_eval 29.834983 3d_valid 46.572790 3d_val_velocity 2.477737
[44] time 11.18 lr 0.000026 3d_train 75.798203 3d_eval 30.561305 3d_valid 47.076797 3d_val_velocity 2.424951
[45] time 11.18 lr 0.000026 3d_train 75.089368 3d_eval 28.764652 3d_valid 47.274712 3d_val_velocity 2.393611
[46] time 11.18 lr 0.000025 3d_train 74.227371 3d_eval 32.091286 3d_valid 46.517619 3d_val_velocity 2.384769
[47] time 11.18 lr 0.000025 3d_train 73.411773 3d_eval 29.377438 3d_valid 47.023832 3d_val_velocity 2.358331
[48] time 11.18 lr 0.000025 3d_train 72.663081 3d_eval 30.072070 3d_valid 47.480800 3d_val_velocity 2.341856
[49] time 11.19 lr 0.000025 3d_train 71.869346 3d_eval 27.438668 3d_valid 46.084495 3d_val_velocity 2.315383
[50] time 11.19 lr 0.000024 3d_train 71.208708 3d_eval 30.506464 3d_valid 47.770738 3d_val_velocity 2.313558
[51] time 11.18 lr 0.000024 3d_train 70.428766 3d_eval 27.376292 3d_valid 45.886257 3d_val_velocity 2.293527
[52] time 11.18 lr 0.000024 3d_train 69.863930 3d_eval 27.729619 3d_valid 46.108542 3d_val_velocity 2.271139
[53] time 11.18 lr 0.000024 3d_train 69.067248 3d_eval 28.261774 3d_valid 45.927786 3d_val_velocity 2.268655
[54] time 11.18 lr 0.000023 3d_train 68.450634 3d_eval 27.314469 3d_valid 46.799714 3d_val_velocity 2.252230
[55] time 11.18 lr 0.000023 3d_train 67.713869 3d_eval 27.791376 3d_valid 45.453841 3d_val_velocity 2.238485
save best checkpoint
[56] time 11.17 lr 0.000023 3d_train 67.203316 3d_eval 27.894963 3d_valid 45.325504 3d_val_velocity 2.243663
save best checkpoint
[57] time 11.18 lr 0.000023 3d_train 66.741487 3d_eval 28.951538 3d_valid 45.922407 3d_val_velocity 2.226827
[58] time 11.18 lr 0.000023 3d_train 65.873684 3d_eval 28.235450 3d_valid 44.495970 3d_val_velocity 2.211754
save best checkpoint
[59] time 11.17 lr 0.000022 3d_train 65.283782 3d_eval 26.886723 3d_valid 45.283633 3d_val_velocity 2.204099
[60] time 11.18 lr 0.000022 3d_train 64.880099 3d_eval 26.317735 3d_valid 45.507767 3d_val_velocity 2.193451
Saving checkpoint to checkpoint/epoch_60.bin
[61] time 11.18 lr 0.000022 3d_train 64.407826 3d_eval 27.589252 3d_valid 45.901367 3d_val_velocity 2.201388
[62] time 11.17 lr 0.000022 3d_train 63.801267 3d_eval 26.080857 3d_valid 45.674232 3d_val_velocity 2.180741
[63] time 11.17 lr 0.000021 3d_train 63.233086 3d_eval 25.909962 3d_valid 45.141404 3d_val_velocity 2.176818
[64] time 11.17 lr 0.000021 3d_train 62.799398 3d_eval 25.497531 3d_valid 45.751289 3d_val_velocity 2.175018
[65] time 11.17 lr 0.000021 3d_train 62.240931 3d_eval 25.167168 3d_valid 45.222021 3d_val_velocity 2.162790
[66] time 11.17 lr 0.000021 3d_train 61.796627 3d_eval 26.052098 3d_valid 45.546856 3d_val_velocity 2.154100
[67] time 11.17 lr 0.000021 3d_train 61.549688 3d_eval 26.988370 3d_valid 45.559159 3d_val_velocity 2.156093
[68] time 11.17 lr 0.000020 3d_train 60.848695 3d_eval 25.918344 3d_valid 44.641248 3d_val_velocity 2.143560
[69] time 11.17 lr 0.000020 3d_train 60.458071 3d_eval 24.757529 3d_valid 45.514951 3d_val_velocity 2.143784
[70] time 11.17 lr 0.000020 3d_train 60.024163 3d_eval 25.111989 3d_valid 44.903032 3d_val_velocity 2.135378
[71] time 11.17 lr 0.000020 3d_train 59.674929 3d_eval 24.753198 3d_valid 45.131167 3d_val_velocity 2.144416
[72] time 11.17 lr 0.000020 3d_train 59.199318 3d_eval 25.197378 3d_valid 45.084822 3d_val_velocity 2.130048
[73] time 11.17 lr 0.000019 3d_train 58.803009 3d_eval 24.244545 3d_valid 45.270387 3d_val_velocity 2.123184
[74] time 11.17 lr 0.000019 3d_train 58.324353 3d_eval 24.262568 3d_valid 45.292169 3d_val_velocity 2.122326
[75] time 11.17 lr 0.000019 3d_train 58.055881 3d_eval 24.721779 3d_valid 45.335890 3d_val_velocity 2.120392
[76] time 11.17 lr 0.000019 3d_train 57.623864 3d_eval 23.986719 3d_valid 45.054790 3d_val_velocity 2.112115
[77] time 11.17 lr 0.000019 3d_train 57.272389 3d_eval 24.525981 3d_valid 44.914797 3d_val_velocity 2.107722
[78] time 11.18 lr 0.000018 3d_train 56.871983 3d_eval 24.857584 3d_valid 45.131027 3d_val_velocity 2.107903
[79] time 11.19 lr 0.000018 3d_train 56.487544 3d_eval 24.630712 3d_valid 44.695095 3d_val_velocity 2.104013
[80] time 11.18 lr 0.000018 3d_train 56.247937 3d_eval 24.310518 3d_valid 45.085170 3d_val_velocity 2.103848
Saving checkpoint to checkpoint/epoch_80.bin
[81] time 11.17 lr 0.000018 3d_train 55.800778 3d_eval 23.871788 3d_valid 44.865926 3d_val_velocity 2.105124
[82] time 11.17 lr 0.000018 3d_train 55.498652 3d_eval 23.054425 3d_valid 45.207591 3d_val_velocity 2.094907
[83] time 11.17 lr 0.000018 3d_train 55.247389 3d_eval 23.666034 3d_valid 45.077625 3d_val_velocity 2.093820
[84] time 11.17 lr 0.000017 3d_train 54.886599 3d_eval 24.490037 3d_valid 44.546921 3d_val_velocity 2.094297
[85] time 11.17 lr 0.000017 3d_train 54.611222 3d_eval 23.920902 3d_valid 44.701706 3d_val_velocity 2.090561
[86] time 11.17 lr 0.000017 3d_train 54.330011 3d_eval 22.650397 3d_valid 45.210162 3d_val_velocity 2.088090
[87] time 11.17 lr 0.000017 3d_train 53.969339 3d_eval 22.573077 3d_valid 44.529215 3d_val_velocity 2.078878
[88] time 11.17 lr 0.000017 3d_train 53.678873 3d_eval 23.688404 3d_valid 44.699140 3d_val_velocity 2.086365
[89] time 11.17 lr 0.000017 3d_train 53.430392 3d_eval 23.130494 3d_valid 44.895815 3d_val_velocity 2.080656
[90] time 11.17 lr 0.000016 3d_train 53.149285 3d_eval 22.395627 3d_valid 44.941626 3d_val_velocity 2.076729
[91] time 11.17 lr 0.000016 3d_train 52.815795 3d_eval 23.370673 3d_valid 44.868683 3d_val_velocity 2.080530
[92] time 11.18 lr 0.000016 3d_train 52.585148 3d_eval 22.978449 3d_valid 44.520867 3d_val_velocity 2.068068
[93] time 11.18 lr 0.000016 3d_train 52.336585 3d_eval 22.895264 3d_valid 45.781475 3d_val_velocity 2.075805
[94] time 11.17 lr 0.000016 3d_train 51.889177 3d_eval 23.323668 3d_valid 44.709178 3d_val_velocity 2.069801
[95] time 11.18 lr 0.000016 3d_train 51.732776 3d_eval 23.030419 3d_valid 44.769866 3d_val_velocity 2.068659
[96] time 11.17 lr 0.000015 3d_train 51.543797 3d_eval 22.324215 3d_valid 45.057227 3d_val_velocity 2.064233
[97] time 11.17 lr 0.000015 3d_train 51.207028 3d_eval 22.702259 3d_valid 44.828022 3d_val_velocity 2.063790
[98] time 11.18 lr 0.000015 3d_train 50.963946 3d_eval 22.048318 3d_valid 44.463577 3d_val_velocity 2.062878
save best checkpoint
[99] time 11.18 lr 0.000015 3d_train 50.785705 3d_eval 22.179803 3d_valid 44.585100 3d_val_velocity 2.053229
[100] time 11.18 lr 0.000015 3d_train 50.561899 3d_eval 22.764587 3d_valid 45.779459 3d_val_velocity 2.058287
Saving checkpoint to checkpoint/epoch_100.bin
[101] time 11.18 lr 0.000015 3d_train 50.286667 3d_eval 22.492869 3d_valid 44.754756 3d_val_velocity 2.062791
[102] time 11.18 lr 0.000014 3d_train 50.052108 3d_eval 22.351691 3d_valid 45.326114 3d_val_velocity 2.058762
[103] time 11.18 lr 0.000014 3d_train 49.798426 3d_eval 22.226134 3d_valid 44.572801 3d_val_velocity 2.048727
[104] time 11.18 lr 0.000014 3d_train 49.645780 3d_eval 21.533293 3d_valid 45.866273 3d_val_velocity 2.057657
[105] time 11.18 lr 0.000014 3d_train 49.356825 3d_eval 21.661287 3d_valid 44.595974 3d_val_velocity 2.051942
[106] time 11.18 lr 0.000014 3d_train 49.212692 3d_eval 21.375986 3d_valid 44.967112 3d_val_velocity 2.053869
[107] time 11.18 lr 0.000014 3d_train 48.958124 3d_eval 21.564343 3d_valid 44.995616 3d_val_velocity 2.050183
[108] time 11.18 lr 0.000014 3d_train 48.735812 3d_eval 21.845898 3d_valid 44.621974 3d_val_velocity 2.046156
[109] time 11.19 lr 0.000014 3d_train 48.558236 3d_eval 21.473558 3d_valid 44.582509 3d_val_velocity 2.048146
[110] time 11.20 lr 0.000013 3d_train 48.407876 3d_eval 21.296338 3d_valid 44.623357 3d_val_velocity 2.045871
[111] time 11.19 lr 0.000013 3d_train 48.141511 3d_eval 21.349356 3d_valid 45.823258 3d_val_velocity 2.041612
[112] time 11.19 lr 0.000013 3d_train 47.936582 3d_eval 21.460527 3d_valid 44.582088 3d_val_velocity 2.042394
[113] time 11.19 lr 0.000013 3d_train 47.769462 3d_eval 21.727238 3d_valid 44.769618 3d_val_velocity 2.043090
[114] time 11.19 lr 0.000013 3d_train 47.627181 3d_eval 21.903724 3d_valid 45.061148 3d_val_velocity 2.038244
[115] time 11.19 lr 0.000013 3d_train 47.367160 3d_eval 21.533955 3d_valid 44.501623 3d_val_velocity 2.037262
[116] time 11.19 lr 0.000013 3d_train 47.197231 3d_eval 21.059493 3d_valid 44.565992 3d_val_velocity 2.036098
[117] time 11.19 lr 0.000012 3d_train 47.038260 3d_eval 21.163893 3d_valid 44.323086 3d_val_velocity 2.040028
save best checkpoint
[118] time 11.19 lr 0.000012 3d_train 47.056798 3d_eval 21.372648 3d_valid 44.835205 3d_val_velocity 2.040262
[119] time 11.19 lr 0.000012 3d_train 46.614047 3d_eval 20.934347 3d_valid 44.107052 3d_val_velocity 2.034402
save best checkpoint
[120] time 11.19 lr 0.000012 3d_train 46.496238 3d_eval 20.458068 3d_valid 44.856150 3d_val_velocity 2.032617
Saving checkpoint to checkpoint/epoch_120.bin
------------------------------- End of Training -------------------------------
Evaluating...
Loading best checkpoint checkpoint/best_epoch.bin
This model was trained for 119 epochs
Batch:  <class 'numpy.ndarray'>  Batch_2d:  <class 'numpy.ndarray'>
Batch:  <class 'numpy.ndarray'>  Batch_2d:  <class 'numpy.ndarray'>
Batch:  <class 'numpy.ndarray'>  Batch_2d:  <class 'numpy.ndarray'>
Batch:  <class 'numpy.ndarray'>  Batch_2d:  <class 'numpy.ndarray'>
Batch:  <class 'numpy.ndarray'>  Batch_2d:  <class 'numpy.ndarray'>
Batch:  <class 'numpy.ndarray'>  Batch_2d:  <class 'numpy.ndarray'>
Batch:  <class 'numpy.ndarray'>  Batch_2d:  <class 'numpy.ndarray'>
Batch:  <class 'numpy.ndarray'>  Batch_2d:  <class 'numpy.ndarray'>
Batch:  <class 'numpy.ndarray'>  Batch_2d:  <class 'numpy.ndarray'>
Batch:  <class 'numpy.ndarray'>  Batch_2d:  <class 'numpy.ndarray'>
Batch:  <class 'numpy.ndarray'>  Batch_2d:  <class 'numpy.ndarray'>
Batch:  <class 'numpy.ndarray'>  Batch_2d:  <class 'numpy.ndarray'>
Batch:  <class 'numpy.ndarray'>  Batch_2d:  <class 'numpy.ndarray'>
Batch:  <class 'numpy.ndarray'>  Batch_2d:  <class 'numpy.ndarray'>
Batch:  <class 'numpy.ndarray'>  Batch_2d:  <class 'numpy.ndarray'>
Batch:  <class 'numpy.ndarray'>  Batch_2d:  <class 'numpy.ndarray'>
----SittingDown----
Test time augmentation: False
Protocol #1 Error (MPJPE): 60.49107217362948 mm
Protocol #2 Error (P-MPJPE): 47.846950661568414 mm
Protocol #3 Error (N-MPJPE): 58.171358544911655 mm
Velocity Error (MPJVE): 2.236270377068736 mm
----------
Loading best checkpoint checkpoint/best_epoch.bin
This model was trained for 119 epochs
Batch:  <class 'numpy.ndarray'>  Batch_2d:  <class 'numpy.ndarray'>
Batch:  <class 'numpy.ndarray'>  Batch_2d:  <class 'numpy.ndarray'>
Batch:  <class 'numpy.ndarray'>  Batch_2d:  <class 'numpy.ndarray'>
Batch:  <class 'numpy.ndarray'>  Batch_2d:  <class 'numpy.ndarray'>
Batch:  <class 'numpy.ndarray'>  Batch_2d:  <class 'numpy.ndarray'>
Batch:  <class 'numpy.ndarray'>  Batch_2d:  <class 'numpy.ndarray'>
Batch:  <class 'numpy.ndarray'>  Batch_2d:  <class 'numpy.ndarray'>
Batch:  <class 'numpy.ndarray'>  Batch_2d:  <class 'numpy.ndarray'>
Batch:  <class 'numpy.ndarray'>  Batch_2d:  <class 'numpy.ndarray'>
Batch:  <class 'numpy.ndarray'>  Batch_2d:  <class 'numpy.ndarray'>
Batch:  <class 'numpy.ndarray'>  Batch_2d:  <class 'numpy.ndarray'>
Batch:  <class 'numpy.ndarray'>  Batch_2d:  <class 'numpy.ndarray'>
Batch:  <class 'numpy.ndarray'>  Batch_2d:  <class 'numpy.ndarray'>
Batch:  <class 'numpy.ndarray'>  Batch_2d:  <class 'numpy.ndarray'>
Batch:  <class 'numpy.ndarray'>  Batch_2d:  <class 'numpy.ndarray'>
Batch:  <class 'numpy.ndarray'>  Batch_2d:  <class 'numpy.ndarray'>
----Greeting----
Test time augmentation: False
Protocol #1 Error (MPJPE): 42.37172505236231 mm
Protocol #2 Error (P-MPJPE): 33.678364925435744 mm
Protocol #3 Error (N-MPJPE): 41.15334011536712 mm
Velocity Error (MPJVE): 2.8887400943252337 mm
----------
Loading best checkpoint checkpoint/best_epoch.bin
This model was trained for 119 epochs
Batch:  <class 'numpy.ndarray'>  Batch_2d:  <class 'numpy.ndarray'>
Batch:  <class 'numpy.ndarray'>  Batch_2d:  <class 'numpy.ndarray'>
Batch:  <class 'numpy.ndarray'>  Batch_2d:  <class 'numpy.ndarray'>
Batch:  <class 'numpy.ndarray'>  Batch_2d:  <class 'numpy.ndarray'>
Batch:  <class 'numpy.ndarray'>  Batch_2d:  <class 'numpy.ndarray'>
Batch:  <class 'numpy.ndarray'>  Batch_2d:  <class 'numpy.ndarray'>
Batch:  <class 'numpy.ndarray'>  Batch_2d:  <class 'numpy.ndarray'>
Batch:  <class 'numpy.ndarray'>  Batch_2d:  <class 'numpy.ndarray'>
Batch:  <class 'numpy.ndarray'>  Batch_2d:  <class 'numpy.ndarray'>
Batch:  <class 'numpy.ndarray'>  Batch_2d:  <class 'numpy.ndarray'>
Batch:  <class 'numpy.ndarray'>  Batch_2d:  <class 'numpy.ndarray'>
Batch:  <class 'numpy.ndarray'>  Batch_2d:  <class 'numpy.ndarray'>
Batch:  <class 'numpy.ndarray'>  Batch_2d:  <class 'numpy.ndarray'>
Batch:  <class 'numpy.ndarray'>  Batch_2d:  <class 'numpy.ndarray'>
Batch:  <class 'numpy.ndarray'>  Batch_2d:  <class 'numpy.ndarray'>
Batch:  <class 'numpy.ndarray'>  Batch_2d:  <class 'numpy.ndarray'>
----Sitting----
Test time augmentation: False
Protocol #1 Error (MPJPE): 53.45971741527319 mm
Protocol #2 Error (P-MPJPE): 43.00410648807883 mm
Protocol #3 Error (N-MPJPE): 51.94411834329367 mm
Velocity Error (MPJVE): 1.6262954899575561 mm
----------
Loading best checkpoint checkpoint/best_epoch.bin
This model was trained for 119 epochs
Batch:  <class 'numpy.ndarray'>  Batch_2d:  <class 'numpy.ndarray'>
Batch:  <class 'numpy.ndarray'>  Batch_2d:  <class 'numpy.ndarray'>
Batch:  <class 'numpy.ndarray'>  Batch_2d:  <class 'numpy.ndarray'>
Batch:  <class 'numpy.ndarray'>  Batch_2d:  <class 'numpy.ndarray'>
Batch:  <class 'numpy.ndarray'>  Batch_2d:  <class 'numpy.ndarray'>
Batch:  <class 'numpy.ndarray'>  Batch_2d:  <class 'numpy.ndarray'>
Batch:  <class 'numpy.ndarray'>  Batch_2d:  <class 'numpy.ndarray'>
Batch:  <class 'numpy.ndarray'>  Batch_2d:  <class 'numpy.ndarray'>
Batch:  <class 'numpy.ndarray'>  Batch_2d:  <class 'numpy.ndarray'>
Batch:  <class 'numpy.ndarray'>  Batch_2d:  <class 'numpy.ndarray'>
Batch:  <class 'numpy.ndarray'>  Batch_2d:  <class 'numpy.ndarray'>
Batch:  <class 'numpy.ndarray'>  Batch_2d:  <class 'numpy.ndarray'>
Batch:  <class 'numpy.ndarray'>  Batch_2d:  <class 'numpy.ndarray'>
Batch:  <class 'numpy.ndarray'>  Batch_2d:  <class 'numpy.ndarray'>
Batch:  <class 'numpy.ndarray'>  Batch_2d:  <class 'numpy.ndarray'>
Batch:  <class 'numpy.ndarray'>  Batch_2d:  <class 'numpy.ndarray'>
----WalkDog----
Test time augmentation: False
Protocol #1 Error (MPJPE): 44.548224856595645 mm
Protocol #2 Error (P-MPJPE): 34.7789256843958 mm
Protocol #3 Error (N-MPJPE): 42.890142084340035 mm
Velocity Error (MPJVE): 3.235941414009738 mm
----------
Loading best checkpoint checkpoint/best_epoch.bin
This model was trained for 119 epochs
Batch:  <class 'numpy.ndarray'>  Batch_2d:  <class 'numpy.ndarray'>
Batch:  <class 'numpy.ndarray'>  Batch_2d:  <class 'numpy.ndarray'>
Batch:  <class 'numpy.ndarray'>  Batch_2d:  <class 'numpy.ndarray'>
Batch:  <class 'numpy.ndarray'>  Batch_2d:  <class 'numpy.ndarray'>
Batch:  <class 'numpy.ndarray'>  Batch_2d:  <class 'numpy.ndarray'>
Batch:  <class 'numpy.ndarray'>  Batch_2d:  <class 'numpy.ndarray'>
Batch:  <class 'numpy.ndarray'>  Batch_2d:  <class 'numpy.ndarray'>
Batch:  <class 'numpy.ndarray'>  Batch_2d:  <class 'numpy.ndarray'>
Batch:  <class 'numpy.ndarray'>  Batch_2d:  <class 'numpy.ndarray'>
Batch:  <class 'numpy.ndarray'>  Batch_2d:  <class 'numpy.ndarray'>
Batch:  <class 'numpy.ndarray'>  Batch_2d:  <class 'numpy.ndarray'>
Batch:  <class 'numpy.ndarray'>  Batch_2d:  <class 'numpy.ndarray'>
Batch:  <class 'numpy.ndarray'>  Batch_2d:  <class 'numpy.ndarray'>
Batch:  <class 'numpy.ndarray'>  Batch_2d:  <class 'numpy.ndarray'>
Batch:  <class 'numpy.ndarray'>  Batch_2d:  <class 'numpy.ndarray'>
Batch:  <class 'numpy.ndarray'>  Batch_2d:  <class 'numpy.ndarray'>
----Walking----
Test time augmentation: False
Protocol #1 Error (MPJPE): 29.822674069193102 mm
Protocol #2 Error (P-MPJPE): 23.010212757814955 mm
Protocol #3 Error (N-MPJPE): 28.619519935580353 mm
Velocity Error (MPJVE): 2.6717268898131787 mm
----------
Loading best checkpoint checkpoint/best_epoch.bin
This model was trained for 119 epochs
Batch:  <class 'numpy.ndarray'>  Batch_2d:  <class 'numpy.ndarray'>
Batch:  <class 'numpy.ndarray'>  Batch_2d:  <class 'numpy.ndarray'>
Batch:  <class 'numpy.ndarray'>  Batch_2d:  <class 'numpy.ndarray'>
Batch:  <class 'numpy.ndarray'>  Batch_2d:  <class 'numpy.ndarray'>
Batch:  <class 'numpy.ndarray'>  Batch_2d:  <class 'numpy.ndarray'>
Batch:  <class 'numpy.ndarray'>  Batch_2d:  <class 'numpy.ndarray'>
Batch:  <class 'numpy.ndarray'>  Batch_2d:  <class 'numpy.ndarray'>
Batch:  <class 'numpy.ndarray'>  Batch_2d:  <class 'numpy.ndarray'>
Batch:  <class 'numpy.ndarray'>  Batch_2d:  <class 'numpy.ndarray'>
Batch:  <class 'numpy.ndarray'>  Batch_2d:  <class 'numpy.ndarray'>
Batch:  <class 'numpy.ndarray'>  Batch_2d:  <class 'numpy.ndarray'>
Batch:  <class 'numpy.ndarray'>  Batch_2d:  <class 'numpy.ndarray'>
Batch:  <class 'numpy.ndarray'>  Batch_2d:  <class 'numpy.ndarray'>
Batch:  <class 'numpy.ndarray'>  Batch_2d:  <class 'numpy.ndarray'>
Batch:  <class 'numpy.ndarray'>  Batch_2d:  <class 'numpy.ndarray'>
Batch:  <class 'numpy.ndarray'>  Batch_2d:  <class 'numpy.ndarray'>
----Purchases----
Test time augmentation: False
Protocol #1 Error (MPJPE): 42.41486767032107 mm
Protocol #2 Error (P-MPJPE): 31.986628353717876 mm
Protocol #3 Error (N-MPJPE): 40.62772476587627 mm
Velocity Error (MPJVE): 2.761377539813946 mm
----------
Loading best checkpoint checkpoint/best_epoch.bin
This model was trained for 119 epochs
Batch:  <class 'numpy.ndarray'>  Batch_2d:  <class 'numpy.ndarray'>
Batch:  <class 'numpy.ndarray'>  Batch_2d:  <class 'numpy.ndarray'>
Batch:  <class 'numpy.ndarray'>  Batch_2d:  <class 'numpy.ndarray'>
Batch:  <class 'numpy.ndarray'>  Batch_2d:  <class 'numpy.ndarray'>
Batch:  <class 'numpy.ndarray'>  Batch_2d:  <class 'numpy.ndarray'>
Batch:  <class 'numpy.ndarray'>  Batch_2d:  <class 'numpy.ndarray'>
Batch:  <class 'numpy.ndarray'>  Batch_2d:  <class 'numpy.ndarray'>
Batch:  <class 'numpy.ndarray'>  Batch_2d:  <class 'numpy.ndarray'>
Batch:  <class 'numpy.ndarray'>  Batch_2d:  <class 'numpy.ndarray'>
Batch:  <class 'numpy.ndarray'>  Batch_2d:  <class 'numpy.ndarray'>
Batch:  <class 'numpy.ndarray'>  Batch_2d:  <class 'numpy.ndarray'>
Batch:  <class 'numpy.ndarray'>  Batch_2d:  <class 'numpy.ndarray'>
Batch:  <class 'numpy.ndarray'>  Batch_2d:  <class 'numpy.ndarray'>
Batch:  <class 'numpy.ndarray'>  Batch_2d:  <class 'numpy.ndarray'>
Batch:  <class 'numpy.ndarray'>  Batch_2d:  <class 'numpy.ndarray'>
Batch:  <class 'numpy.ndarray'>  Batch_2d:  <class 'numpy.ndarray'>
----Eating----
Test time augmentation: False
Protocol #1 Error (MPJPE): 40.537693094642414 mm
Protocol #2 Error (P-MPJPE): 31.80434498860831 mm
Protocol #3 Error (N-MPJPE): 39.546542034875 mm
Velocity Error (MPJVE): 1.9873349557465483 mm
----------
Loading best checkpoint checkpoint/best_epoch.bin
This model was trained for 119 epochs
Batch:  <class 'numpy.ndarray'>  Batch_2d:  <class 'numpy.ndarray'>
Batch:  <class 'numpy.ndarray'>  Batch_2d:  <class 'numpy.ndarray'>
Batch:  <class 'numpy.ndarray'>  Batch_2d:  <class 'numpy.ndarray'>
Batch:  <class 'numpy.ndarray'>  Batch_2d:  <class 'numpy.ndarray'>
Batch:  <class 'numpy.ndarray'>  Batch_2d:  <class 'numpy.ndarray'>
Batch:  <class 'numpy.ndarray'>  Batch_2d:  <class 'numpy.ndarray'>
Batch:  <class 'numpy.ndarray'>  Batch_2d:  <class 'numpy.ndarray'>
Batch:  <class 'numpy.ndarray'>  Batch_2d:  <class 'numpy.ndarray'>
Batch:  <class 'numpy.ndarray'>  Batch_2d:  <class 'numpy.ndarray'>
Batch:  <class 'numpy.ndarray'>  Batch_2d:  <class 'numpy.ndarray'>
Batch:  <class 'numpy.ndarray'>  Batch_2d:  <class 'numpy.ndarray'>
Batch:  <class 'numpy.ndarray'>  Batch_2d:  <class 'numpy.ndarray'>
Batch:  <class 'numpy.ndarray'>  Batch_2d:  <class 'numpy.ndarray'>
Batch:  <class 'numpy.ndarray'>  Batch_2d:  <class 'numpy.ndarray'>
Batch:  <class 'numpy.ndarray'>  Batch_2d:  <class 'numpy.ndarray'>
Batch:  <class 'numpy.ndarray'>  Batch_2d:  <class 'numpy.ndarray'>
----Discussion----
Test time augmentation: False
Protocol #1 Error (MPJPE): 43.282439112107255 mm
Protocol #2 Error (P-MPJPE): 34.373403600977724 mm
Protocol #3 Error (N-MPJPE): 42.118090969413075 mm
Velocity Error (MPJVE): 2.6752670525471256 mm
----------
Loading best checkpoint checkpoint/best_epoch.bin
This model was trained for 119 epochs
Batch:  <class 'numpy.ndarray'>  Batch_2d:  <class 'numpy.ndarray'>
Batch:  <class 'numpy.ndarray'>  Batch_2d:  <class 'numpy.ndarray'>
Batch:  <class 'numpy.ndarray'>  Batch_2d:  <class 'numpy.ndarray'>
Batch:  <class 'numpy.ndarray'>  Batch_2d:  <class 'numpy.ndarray'>
Batch:  <class 'numpy.ndarray'>  Batch_2d:  <class 'numpy.ndarray'>
Batch:  <class 'numpy.ndarray'>  Batch_2d:  <class 'numpy.ndarray'>
Batch:  <class 'numpy.ndarray'>  Batch_2d:  <class 'numpy.ndarray'>
Batch:  <class 'numpy.ndarray'>  Batch_2d:  <class 'numpy.ndarray'>
Batch:  <class 'numpy.ndarray'>  Batch_2d:  <class 'numpy.ndarray'>
Batch:  <class 'numpy.ndarray'>  Batch_2d:  <class 'numpy.ndarray'>
Batch:  <class 'numpy.ndarray'>  Batch_2d:  <class 'numpy.ndarray'>
Batch:  <class 'numpy.ndarray'>  Batch_2d:  <class 'numpy.ndarray'>
Batch:  <class 'numpy.ndarray'>  Batch_2d:  <class 'numpy.ndarray'>
Batch:  <class 'numpy.ndarray'>  Batch_2d:  <class 'numpy.ndarray'>
Batch:  <class 'numpy.ndarray'>  Batch_2d:  <class 'numpy.ndarray'>
Batch:  <class 'numpy.ndarray'>  Batch_2d:  <class 'numpy.ndarray'>
----WalkTogether----
Test time augmentation: False
Protocol #1 Error (MPJPE): 30.380231030958605 mm
Protocol #2 Error (P-MPJPE): 24.496482219547033 mm
Protocol #3 Error (N-MPJPE): 29.10265606457749 mm
Velocity Error (MPJVE): 2.3040052717944315 mm
----------
Loading best checkpoint checkpoint/best_epoch.bin
This model was trained for 119 epochs
Batch:  <class 'numpy.ndarray'>  Batch_2d:  <class 'numpy.ndarray'>
Batch:  <class 'numpy.ndarray'>  Batch_2d:  <class 'numpy.ndarray'>
Batch:  <class 'numpy.ndarray'>  Batch_2d:  <class 'numpy.ndarray'>
Batch:  <class 'numpy.ndarray'>  Batch_2d:  <class 'numpy.ndarray'>
Batch:  <class 'numpy.ndarray'>  Batch_2d:  <class 'numpy.ndarray'>
Batch:  <class 'numpy.ndarray'>  Batch_2d:  <class 'numpy.ndarray'>
Batch:  <class 'numpy.ndarray'>  Batch_2d:  <class 'numpy.ndarray'>
Batch:  <class 'numpy.ndarray'>  Batch_2d:  <class 'numpy.ndarray'>
Batch:  <class 'numpy.ndarray'>  Batch_2d:  <class 'numpy.ndarray'>
Batch:  <class 'numpy.ndarray'>  Batch_2d:  <class 'numpy.ndarray'>
Batch:  <class 'numpy.ndarray'>  Batch_2d:  <class 'numpy.ndarray'>
Batch:  <class 'numpy.ndarray'>  Batch_2d:  <class 'numpy.ndarray'>
Batch:  <class 'numpy.ndarray'>  Batch_2d:  <class 'numpy.ndarray'>
Batch:  <class 'numpy.ndarray'>  Batch_2d:  <class 'numpy.ndarray'>
Batch:  <class 'numpy.ndarray'>  Batch_2d:  <class 'numpy.ndarray'>
Batch:  <class 'numpy.ndarray'>  Batch_2d:  <class 'numpy.ndarray'>
----Waiting----
Test time augmentation: False
Protocol #1 Error (MPJPE): 41.906383535745796 mm
Protocol #2 Error (P-MPJPE): 31.621285816812414 mm
Protocol #3 Error (N-MPJPE): 40.8572867528488 mm
Velocity Error (MPJVE): 2.1354643693608155 mm
----------
Loading best checkpoint checkpoint/best_epoch.bin
This model was trained for 119 epochs
Batch:  <class 'numpy.ndarray'>  Batch_2d:  <class 'numpy.ndarray'>
Batch:  <class 'numpy.ndarray'>  Batch_2d:  <class 'numpy.ndarray'>
Batch:  <class 'numpy.ndarray'>  Batch_2d:  <class 'numpy.ndarray'>
Batch:  <class 'numpy.ndarray'>  Batch_2d:  <class 'numpy.ndarray'>
Batch:  <class 'numpy.ndarray'>  Batch_2d:  <class 'numpy.ndarray'>
Batch:  <class 'numpy.ndarray'>  Batch_2d:  <class 'numpy.ndarray'>
Batch:  <class 'numpy.ndarray'>  Batch_2d:  <class 'numpy.ndarray'>
Batch:  <class 'numpy.ndarray'>  Batch_2d:  <class 'numpy.ndarray'>
Batch:  <class 'numpy.ndarray'>  Batch_2d:  <class 'numpy.ndarray'>
Batch:  <class 'numpy.ndarray'>  Batch_2d:  <class 'numpy.ndarray'>
Batch:  <class 'numpy.ndarray'>  Batch_2d:  <class 'numpy.ndarray'>
Batch:  <class 'numpy.ndarray'>  Batch_2d:  <class 'numpy.ndarray'>
Batch:  <class 'numpy.ndarray'>  Batch_2d:  <class 'numpy.ndarray'>
Batch:  <class 'numpy.ndarray'>  Batch_2d:  <class 'numpy.ndarray'>
Batch:  <class 'numpy.ndarray'>  Batch_2d:  <class 'numpy.ndarray'>
Batch:  <class 'numpy.ndarray'>  Batch_2d:  <class 'numpy.ndarray'>
----Phoning----
Test time augmentation: False
Protocol #1 Error (MPJPE): 45.10539723826306 mm
Protocol #2 Error (P-MPJPE): 34.588653072714806 mm
Protocol #3 Error (N-MPJPE): 43.89480436486858 mm
Velocity Error (MPJVE): 1.9282676286197133 mm
----------
Loading best checkpoint checkpoint/best_epoch.bin
This model was trained for 119 epochs
Batch:  <class 'numpy.ndarray'>  Batch_2d:  <class 'numpy.ndarray'>
Batch:  <class 'numpy.ndarray'>  Batch_2d:  <class 'numpy.ndarray'>
Batch:  <class 'numpy.ndarray'>  Batch_2d:  <class 'numpy.ndarray'>
Batch:  <class 'numpy.ndarray'>  Batch_2d:  <class 'numpy.ndarray'>
Batch:  <class 'numpy.ndarray'>  Batch_2d:  <class 'numpy.ndarray'>
Batch:  <class 'numpy.ndarray'>  Batch_2d:  <class 'numpy.ndarray'>
Batch:  <class 'numpy.ndarray'>  Batch_2d:  <class 'numpy.ndarray'>
Batch:  <class 'numpy.ndarray'>  Batch_2d:  <class 'numpy.ndarray'>
Batch:  <class 'numpy.ndarray'>  Batch_2d:  <class 'numpy.ndarray'>
Batch:  <class 'numpy.ndarray'>  Batch_2d:  <class 'numpy.ndarray'>
Batch:  <class 'numpy.ndarray'>  Batch_2d:  <class 'numpy.ndarray'>
Batch:  <class 'numpy.ndarray'>  Batch_2d:  <class 'numpy.ndarray'>
Batch:  <class 'numpy.ndarray'>  Batch_2d:  <class 'numpy.ndarray'>
Batch:  <class 'numpy.ndarray'>  Batch_2d:  <class 'numpy.ndarray'>
Batch:  <class 'numpy.ndarray'>  Batch_2d:  <class 'numpy.ndarray'>
Batch:  <class 'numpy.ndarray'>  Batch_2d:  <class 'numpy.ndarray'>
----Smoking----
Test time augmentation: False
Protocol #1 Error (MPJPE): 44.99832775722118 mm
Protocol #2 Error (P-MPJPE): 35.98723176267298 mm
Protocol #3 Error (N-MPJPE): 44.01210996311629 mm
Velocity Error (MPJVE): 1.9564981876414849 mm
----------
Loading best checkpoint checkpoint/best_epoch.bin
This model was trained for 119 epochs
Batch:  <class 'numpy.ndarray'>  Batch_2d:  <class 'numpy.ndarray'>
Batch:  <class 'numpy.ndarray'>  Batch_2d:  <class 'numpy.ndarray'>
Batch:  <class 'numpy.ndarray'>  Batch_2d:  <class 'numpy.ndarray'>
Batch:  <class 'numpy.ndarray'>  Batch_2d:  <class 'numpy.ndarray'>
Batch:  <class 'numpy.ndarray'>  Batch_2d:  <class 'numpy.ndarray'>
Batch:  <class 'numpy.ndarray'>  Batch_2d:  <class 'numpy.ndarray'>
Batch:  <class 'numpy.ndarray'>  Batch_2d:  <class 'numpy.ndarray'>
Batch:  <class 'numpy.ndarray'>  Batch_2d:  <class 'numpy.ndarray'>
Batch:  <class 'numpy.ndarray'>  Batch_2d:  <class 'numpy.ndarray'>
Batch:  <class 'numpy.ndarray'>  Batch_2d:  <class 'numpy.ndarray'>
Batch:  <class 'numpy.ndarray'>  Batch_2d:  <class 'numpy.ndarray'>
Batch:  <class 'numpy.ndarray'>  Batch_2d:  <class 'numpy.ndarray'>
Batch:  <class 'numpy.ndarray'>  Batch_2d:  <class 'numpy.ndarray'>
Batch:  <class 'numpy.ndarray'>  Batch_2d:  <class 'numpy.ndarray'>
Batch:  <class 'numpy.ndarray'>  Batch_2d:  <class 'numpy.ndarray'>
Batch:  <class 'numpy.ndarray'>  Batch_2d:  <class 'numpy.ndarray'>
----Photo----
Test time augmentation: False
Protocol #1 Error (MPJPE): 52.17430790197914 mm
Protocol #2 Error (P-MPJPE): 40.11300366128916 mm
Protocol #3 Error (N-MPJPE): 50.34762982319555 mm
Velocity Error (MPJVE): 2.3390262940665707 mm
----------
Loading best checkpoint checkpoint/best_epoch.bin
This model was trained for 119 epochs
Batch:  <class 'numpy.ndarray'>  Batch_2d:  <class 'numpy.ndarray'>
Batch:  <class 'numpy.ndarray'>  Batch_2d:  <class 'numpy.ndarray'>
Batch:  <class 'numpy.ndarray'>  Batch_2d:  <class 'numpy.ndarray'>
Batch:  <class 'numpy.ndarray'>  Batch_2d:  <class 'numpy.ndarray'>
Batch:  <class 'numpy.ndarray'>  Batch_2d:  <class 'numpy.ndarray'>
Batch:  <class 'numpy.ndarray'>  Batch_2d:  <class 'numpy.ndarray'>
Batch:  <class 'numpy.ndarray'>  Batch_2d:  <class 'numpy.ndarray'>
Batch:  <class 'numpy.ndarray'>  Batch_2d:  <class 'numpy.ndarray'>
Batch:  <class 'numpy.ndarray'>  Batch_2d:  <class 'numpy.ndarray'>
Batch:  <class 'numpy.ndarray'>  Batch_2d:  <class 'numpy.ndarray'>
Batch:  <class 'numpy.ndarray'>  Batch_2d:  <class 'numpy.ndarray'>
Batch:  <class 'numpy.ndarray'>  Batch_2d:  <class 'numpy.ndarray'>
----Directions----
Test time augmentation: False
Protocol #1 Error (MPJPE): 41.364600660190696 mm
Protocol #2 Error (P-MPJPE): 32.001669174947196 mm
Protocol #3 Error (N-MPJPE): 39.76693427899763 mm
Velocity Error (MPJVE): 2.5156976868553707 mm
----------
Loading best checkpoint checkpoint/best_epoch.bin
This model was trained for 119 epochs
Batch:  <class 'numpy.ndarray'>  Batch_2d:  <class 'numpy.ndarray'>
Batch:  <class 'numpy.ndarray'>  Batch_2d:  <class 'numpy.ndarray'>
Batch:  <class 'numpy.ndarray'>  Batch_2d:  <class 'numpy.ndarray'>
Batch:  <class 'numpy.ndarray'>  Batch_2d:  <class 'numpy.ndarray'>
Batch:  <class 'numpy.ndarray'>  Batch_2d:  <class 'numpy.ndarray'>
Batch:  <class 'numpy.ndarray'>  Batch_2d:  <class 'numpy.ndarray'>
Batch:  <class 'numpy.ndarray'>  Batch_2d:  <class 'numpy.ndarray'>
Batch:  <class 'numpy.ndarray'>  Batch_2d:  <class 'numpy.ndarray'>
Batch:  <class 'numpy.ndarray'>  Batch_2d:  <class 'numpy.ndarray'>
Batch:  <class 'numpy.ndarray'>  Batch_2d:  <class 'numpy.ndarray'>
Batch:  <class 'numpy.ndarray'>  Batch_2d:  <class 'numpy.ndarray'>
Batch:  <class 'numpy.ndarray'>  Batch_2d:  <class 'numpy.ndarray'>
Batch:  <class 'numpy.ndarray'>  Batch_2d:  <class 'numpy.ndarray'>
Batch:  <class 'numpy.ndarray'>  Batch_2d:  <class 'numpy.ndarray'>
Batch:  <class 'numpy.ndarray'>  Batch_2d:  <class 'numpy.ndarray'>
Batch:  <class 'numpy.ndarray'>  Batch_2d:  <class 'numpy.ndarray'>
----Posing----
Test time augmentation: False
Protocol #1 Error (MPJPE): 42.2142942318286 mm
Protocol #2 Error (P-MPJPE): 32.80916155968932 mm
Protocol #3 Error (N-MPJPE): 41.20528081367756 mm
Velocity Error (MPJVE): 2.3218668467397316 mm
----------
Protocol #1   (MPJPE) action-wise average: 43.7 mm
Protocol #2 (P-MPJPE) action-wise average: 34.1 mm
Protocol #3 (N-MPJPE) action-wise average: 42.3 mm
Velocity      (MPJVE) action-wise average: 2.37 mm
